Started GET "/" for ::1 at 2017-08-23 12:01:04 -0700
DEPRECATION WARNING: ActiveRecord::Base.raise_in_transactional_callbacks= is deprecated, has no effect and will be removed without replacement. (called from block (3 levels) in <class:Railtie> at /Users/nicholasevans/.rbenv/versions/2.3.1/lib/ruby/gems/2.3.0/gems/activerecord-5.0.5/lib/active_record/railtie.rb:113)
Processing by StaticPagesController#index as HTML
  Rendering static_pages/index.html.erb within layouts/application
  Rendered shared/_main_nav.html.erb (0.5ms)
  Rendered shared/_masthead.html.erb (0.3ms)
  Rendered shared/_sections_nav.html.erb (0.2ms)
  Rendered shared/_search_modal.html.erb (0.2ms)
  Rendered shared/_main_content.html.erb (0.2ms)
  Rendered static_pages/index.html.erb within layouts/application (12.0ms)
Completed 200 OK in 600ms (Views: 598.4ms | ActiveRecord: 0.0ms)


Started GET "/assets/application.self-59082805a6d2cbc582f93d18d4a7e5bf1c00c21ccb1127d45387adaf5baff5ec.css?body=1" for ::1 at 2017-08-23 12:01:04 -0700
Started GET "/assets/jquery.self-bd7ddd393353a8d2480a622e80342adf488fb6006d667e8b42e4c0073393abee.js?body=1" for ::1 at 2017-08-23 12:01:04 -0700
Started GET "/assets/components/modal.self-52188644dbb47def5ee35ae02e69eb567ca9b664472357a8a5789dd39032a265.js?body=1" for ::1 at 2017-08-23 12:01:04 -0700
Started GET "/assets/application.self-f571b9db02bf4ed04c38a6a29072ac382f7d4f47db1fab9817aeadb0d8665235.js?body=1" for ::1 at 2017-08-23 12:01:04 -0700
Started GET "/assets/components/sidebar.self-2a1277f850a6fa21e1a974ef5152f177ac05516477d5081d593bb137b3d6808b.js?body=1" for ::1 at 2017-08-23 12:01:04 -0700
Started GET "/assets/jquery_ujs.self-784a997f6726036b1993eb2217c9cb558e1cbb801c6da88105588c56f13b466a.js?body=1" for ::1 at 2017-08-23 12:01:04 -0700
Started GET "/assets/components/dropdown.self-815016af6fab1d5b72abd319213bf62f0c42bab2c585d2e059543ae704a0d74c.js?body=1" for ::1 at 2017-08-23 12:01:04 -0700
Started GET "/" for ::1 at 2017-08-23 13:05:15 -0700
DEPRECATION WARNING: ActiveRecord::Base.raise_in_transactional_callbacks= is deprecated, has no effect and will be removed without replacement. (called from block (3 levels) in <class:Railtie> at /Users/nicholasevans/.rbenv/versions/2.3.1/lib/ruby/gems/2.3.0/gems/activerecord-5.0.5/lib/active_record/railtie.rb:113)
Processing by StaticPagesController#index as HTML
  Rendering static_pages/index.html.erb within layouts/application
  Rendered shared/_main_nav.html.erb (0.3ms)
  Rendered shared/_masthead.html.erb (0.3ms)
  Rendered shared/_sections_nav.html.erb (0.6ms)
  Rendered shared/_search_modal.html.erb (0.3ms)
  Rendered shared/_main_content.html.erb (0.3ms)
  Rendered static_pages/index.html.erb within layouts/application (13.3ms)
Completed 200 OK in 244ms (Views: 241.3ms | ActiveRecord: 0.0ms)


Started GET "/" for ::1 at 2017-08-23 13:11:22 -0700
Processing by StaticPagesController#index as HTML
  Rendering static_pages/index.html.erb within layouts/application
  Rendered shared/_main_nav.html.erb (0.3ms)
  Rendered shared/_masthead.html.erb (0.3ms)
  Rendered shared/_sections_nav.html.erb (0.4ms)
  Rendered shared/_search_modal.html.erb (0.5ms)
  Rendered shared/_main_content.html.erb (0.3ms)
  Rendered static_pages/index.html.erb within layouts/application (12.6ms)
Completed 200 OK in 28ms (Views: 26.7ms | ActiveRecord: 0.0ms)


Started GET "/assets/application.self-59082805a6d2cbc582f93d18d4a7e5bf1c00c21ccb1127d45387adaf5baff5ec.css?body=1&livereload=1503519283477" for ::1 at 2017-08-23 13:14:43 -0700
Started GET "/assets/application.self-59082805a6d2cbc582f93d18d4a7e5bf1c00c21ccb1127d45387adaf5baff5ec.css?body=1&livereload=1503519283479" for ::1 at 2017-08-23 13:14:43 -0700
Started GET "/" for ::1 at 2017-08-23 13:14:48 -0700
Processing by StaticPagesController#index as HTML
  Rendering static_pages/index.html.erb within layouts/application
  Rendered shared/_main_nav.html.erb (0.3ms)
  Rendered shared/_masthead.html.erb (0.3ms)
  Rendered shared/_sections_nav.html.erb (0.6ms)
  Rendered shared/_search_modal.html.erb (0.2ms)
  Rendered shared/_main_content.html.erb (0.3ms)
  Rendered static_pages/index.html.erb within layouts/application (10.9ms)
Completed 200 OK in 47ms (Views: 44.4ms | ActiveRecord: 0.0ms)


Started GET "/assets/application.self-3d184a3d12e742f7c4d72c33bfcfb40b535fab09fc5f65c73a3fa149d84c4ea9.css?body=1" for ::1 at 2017-08-23 13:14:48 -0700
Started GET "/assets/application.self-3d184a3d12e742f7c4d72c33bfcfb40b535fab09fc5f65c73a3fa149d84c4ea9.css?body=1&livereload=1503519314677" for ::1 at 2017-08-23 13:15:14 -0700
Started GET "/assets/application.self-3d184a3d12e742f7c4d72c33bfcfb40b535fab09fc5f65c73a3fa149d84c4ea9.css?body=1&livereload=1503519314678" for ::1 at 2017-08-23 13:15:14 -0700
Started GET "/" for ::1 at 2017-08-23 13:17:25 -0700
Processing by StaticPagesController#index as HTML
  Rendering static_pages/index.html.erb within layouts/application
  Rendered shared/_main_nav.html.erb (0.3ms)
  Rendered shared/_masthead.html.erb (0.3ms)
  Rendered shared/_sections_nav.html.erb (0.3ms)
  Rendered shared/_search_modal.html.erb (0.3ms)
  Rendered shared/_main_content.html.erb (0.2ms)
  Rendered static_pages/index.html.erb within layouts/application (9.2ms)
Completed 200 OK in 75ms (Views: 73.5ms | ActiveRecord: 0.0ms)


Started GET "/assets/application.self-52ed1330916f1cc8ba0d09675e19aad6b4c5ad0ed15e7b4b17859b26b97d8807.css?body=1" for ::1 at 2017-08-23 13:17:25 -0700
Started GET "/" for ::1 at 2017-08-23 13:21:39 -0700
Processing by StaticPagesController#index as HTML
  Rendering static_pages/index.html.erb within layouts/application
  Rendered shared/_main_nav.html.erb (0.3ms)
  Rendered shared/_masthead.html.erb (0.2ms)
  Rendered shared/_sections_nav.html.erb (0.2ms)
  Rendered shared/_search_modal.html.erb (0.2ms)
  Rendered shared/_main_content.html.erb (0.3ms)
  Rendered static_pages/index.html.erb within layouts/application (8.8ms)
Completed 200 OK in 82ms (Views: 79.4ms | ActiveRecord: 0.0ms)


Started GET "/assets/application.self-e07172500d188ffc49a434d251e8ae46b38113501d269cd9fee1cb2c6ed24590.css?body=1" for ::1 at 2017-08-23 13:21:39 -0700
Started GET "/" for ::1 at 2017-08-23 13:22:38 -0700
Processing by StaticPagesController#index as HTML
  Rendering static_pages/index.html.erb within layouts/application
  Rendered shared/_main_nav.html.erb (0.3ms)
  Rendered shared/_masthead.html.erb (0.2ms)
  Rendered shared/_sections_nav.html.erb (0.2ms)
  Rendered shared/_search_modal.html.erb (0.2ms)
  Rendered shared/_main_content.html.erb (0.2ms)
  Rendered static_pages/index.html.erb within layouts/application (9.0ms)
Completed 200 OK in 32ms (Views: 28.7ms | ActiveRecord: 0.0ms)


Started GET "/assets/application.self-e07172500d188ffc49a434d251e8ae46b38113501d269cd9fee1cb2c6ed24590.css?body=1&livereload=1503520176683" for ::1 at 2017-08-23 13:29:36 -0700
Started GET "/assets/application.self-e07172500d188ffc49a434d251e8ae46b38113501d269cd9fee1cb2c6ed24590.css?body=1&livereload=1503520176686" for ::1 at 2017-08-23 13:29:36 -0700
Started GET "/" for ::1 at 2017-08-23 13:29:40 -0700
Processing by StaticPagesController#index as HTML
  Rendering static_pages/index.html.erb within layouts/application
  Rendered shared/_main_nav.html.erb (0.3ms)
  Rendered shared/_masthead.html.erb (0.2ms)
  Rendered shared/_sections_nav.html.erb (0.2ms)
  Rendered shared/_search_modal.html.erb (0.2ms)
  Rendered shared/_main_content.html.erb (0.3ms)
  Rendered static_pages/index.html.erb within layouts/application (8.7ms)
Completed 200 OK in 30ms (Views: 28.2ms | ActiveRecord: 0.0ms)


Started GET "/assets/application.self-56926cebf36b0622f761628cdddcd50160541d1e93fce95f87e39ab5c2901e63.css?body=1" for ::1 at 2017-08-23 13:29:40 -0700
Started GET "/assets/application.self-56926cebf36b0622f761628cdddcd50160541d1e93fce95f87e39ab5c2901e63.css?body=1&livereload=1503520678897" for ::1 at 2017-08-23 13:37:58 -0700
Started GET "/assets/application.self-56926cebf36b0622f761628cdddcd50160541d1e93fce95f87e39ab5c2901e63.css?body=1&livereload=1503520678901" for ::1 at 2017-08-23 13:37:58 -0700
Started GET "/" for ::1 at 2017-08-23 13:38:17 -0700
Processing by StaticPagesController#index as HTML
  Rendering static_pages/index.html.erb within layouts/application
  Rendered shared/_main_nav.html.erb (0.3ms)
  Rendered shared/_masthead.html.erb (0.3ms)
  Rendered shared/_sections_nav.html.erb (0.3ms)
  Rendered shared/_search_modal.html.erb (0.3ms)
  Rendered shared/_main_content.html.erb (0.3ms)
  Rendered static_pages/index.html.erb within layouts/application (9.1ms)
Completed 500 Internal Server Error in 35ms (ActiveRecord: 0.0ms)



Sass::SyntaxError - Invalid CSS after "	font-weight": expected ";", was ":":
  sass (3.5.1) lib/sass/scss/parser.rb:1278:in `expected'
  sass (3.5.1) lib/sass/scss/parser.rb:1208:in `expected'
  sass (3.5.1) lib/sass/scss/parser.rb:1203:in `tok!'
  sass (3.5.1) lib/sass/scss/parser.rb:804:in `block in try_declaration'
  sass (3.5.1) lib/sass/scss/parser.rb:1254:in `rethrow'
  sass (3.5.1) lib/sass/scss/parser.rb:809:in `try_declaration'
  sass (3.5.1) lib/sass/scss/parser.rb:732:in `declaration_or_ruleset'
  sass (3.5.1) lib/sass/scss/parser.rb:697:in `block_child'
  sass (3.5.1) lib/sass/scss/parser.rb:689:in `block_contents'
  sass (3.5.1) lib/sass/scss/parser.rb:678:in `block'
  sass (3.5.1) lib/sass/scss/parser.rb:670:in `ruleset'
  sass (3.5.1) lib/sass/scss/parser.rb:696:in `block_child'
  sass (3.5.1) lib/sass/scss/parser.rb:689:in `block_contents'
  sass (3.5.1) lib/sass/scss/parser.rb:137:in `stylesheet'
  sass (3.5.1) lib/sass/scss/parser.rb:41:in `parse'
  sass (3.5.1) lib/sass/engine.rb:414:in `_to_tree'
  sass (3.5.1) lib/sass/engine.rb:321:in `to_tree'
  sass (3.5.1) lib/sass/tree/visitors/perform.rb:327:in `block in visit_import'
  sass (3.5.1) lib/sass/stack.rb:88:in `block in with_import'
  sass (3.5.1) lib/sass/stack.rb:135:in `with_frame'
  sass (3.5.1) lib/sass/stack.rb:88:in `with_import'
  sass (3.5.1) lib/sass/tree/visitors/perform.rb:326:in `visit_import'
  sass (3.5.1) lib/sass/tree/visitors/base.rb:36:in `visit'
  sass (3.5.1) lib/sass/tree/visitors/perform.rb:162:in `block in visit'
  sass (3.5.1) lib/sass/stack.rb:79:in `block in with_base'
  sass (3.5.1) lib/sass/stack.rb:135:in `with_frame'
  sass (3.5.1) lib/sass/stack.rb:79:in `with_base'
  sass (3.5.1) lib/sass/tree/visitors/perform.rb:162:in `visit'
  sass (3.5.1) lib/sass/tree/visitors/base.rb:52:in `block in visit_children'
  sass (3.5.1) lib/sass/tree/visitors/base.rb:52:in `visit_children'
  sass (3.5.1) lib/sass/tree/visitors/perform.rb:171:in `block in visit_children'
  sass (3.5.1) lib/sass/tree/visitors/perform.rb:183:in `with_environment'
  sass (3.5.1) lib/sass/tree/visitors/perform.rb:170:in `visit_children'
  sass (3.5.1) lib/sass/tree/visitors/base.rb:36:in `block in visit'
  sass (3.5.1) lib/sass/tree/visitors/perform.rb:190:in `visit_root'
  sass (3.5.1) lib/sass/tree/visitors/base.rb:36:in `visit'
  sass (3.5.1) lib/sass/tree/visitors/perform.rb:161:in `visit'
  sass (3.5.1) lib/sass/tree/visitors/perform.rb:10:in `visit'
  sass (3.5.1) lib/sass/tree/root_node.rb:36:in `css_tree'
  sass (3.5.1) lib/sass/tree/root_node.rb:20:in `render'
  sass (3.5.1) lib/sass/engine.rb:290:in `render'
  sass-rails (5.0.6) lib/sass/rails/template.rb:47:in `evaluate'
  tilt (2.0.8) lib/tilt/template.rb:109:in `render'
  sprockets (3.7.1) lib/sprockets/legacy_tilt_processor.rb:25:in `call'
  sprockets (3.7.1) lib/sprockets/processor_utils.rb:75:in `call_processor'
  sprockets (3.7.1) lib/sprockets/processor_utils.rb:57:in `block in call_processors'
  sprockets (3.7.1) lib/sprockets/processor_utils.rb:56:in `call_processors'
  sprockets (3.7.1) lib/sprockets/loader.rb:134:in `load_from_unloaded'
  sprockets (3.7.1) lib/sprockets/loader.rb:60:in `block in load'
  sprockets (3.7.1) lib/sprockets/loader.rb:317:in `fetch_asset_from_dependency_cache'
  sprockets (3.7.1) lib/sprockets/loader.rb:44:in `load'
  sprockets (3.7.1) lib/sprockets/cached_environment.rb:20:in `block in initialize'
  sprockets (3.7.1) lib/sprockets/cached_environment.rb:47:in `load'
  sprockets (3.7.1) lib/sprockets/bundle.rb:23:in `block in call'
  sprockets (3.7.1) lib/sprockets/utils.rb:200:in `dfs'
  sprockets (3.7.1) lib/sprockets/bundle.rb:24:in `call'
  sprockets (3.7.1) lib/sprockets/processor_utils.rb:75:in `call_processor'
  sprockets (3.7.1) lib/sprockets/processor_utils.rb:57:in `block in call_processors'
  sprockets (3.7.1) lib/sprockets/processor_utils.rb:56:in `call_processors'
  sprockets (3.7.1) lib/sprockets/loader.rb:134:in `load_from_unloaded'
  sprockets (3.7.1) lib/sprockets/loader.rb:60:in `block in load'
  sprockets (3.7.1) lib/sprockets/loader.rb:317:in `fetch_asset_from_dependency_cache'
  sprockets (3.7.1) lib/sprockets/loader.rb:44:in `load'
  sprockets (3.7.1) lib/sprockets/cached_environment.rb:20:in `block in initialize'
  sprockets (3.7.1) lib/sprockets/cached_environment.rb:47:in `load'
  sprockets (3.7.1) lib/sprockets/base.rb:66:in `find_asset'
  sprockets (3.7.1) lib/sprockets/base.rb:92:in `[]'
  sprockets-rails (3.2.0) lib/sprockets/rails/helper.rb:355:in `find_asset'
  sprockets-rails (3.2.0) lib/sprockets/rails/helper.rb:347:in `find_debug_asset'
  sprockets-rails (3.2.0) lib/sprockets/rails/helper.rb:229:in `block in lookup_debug_asset'
  sprockets-rails (3.2.0) lib/sprockets/rails/helper.rb:242:in `block in resolve_asset'
  sprockets-rails (3.2.0) lib/sprockets/rails/helper.rb:241:in `resolve_asset'
  sprockets-rails (3.2.0) lib/sprockets/rails/helper.rb:228:in `lookup_debug_asset'
  sprockets-rails (3.2.0) lib/sprockets/rails/helper.rb:170:in `block in stylesheet_link_tag'
  sprockets-rails (3.2.0) lib/sprockets/rails/helper.rb:169:in `stylesheet_link_tag'
  app/views/layouts/application.html.erb:7:in `_app_views_layouts_application_html_erb___4540570344772803544_70207489779200'
  actionview (5.0.5) lib/action_view/template.rb:159:in `block in render'
  activesupport (5.0.5) lib/active_support/notifications.rb:166:in `instrument'
  actionview (5.0.5) lib/action_view/template.rb:354:in `instrument'
  actionview (5.0.5) lib/action_view/template.rb:157:in `render'
  actionview (5.0.5) lib/action_view/renderer/template_renderer.rb:66:in `render_with_layout'
  actionview (5.0.5) lib/action_view/renderer/template_renderer.rb:52:in `render_template'
  actionview (5.0.5) lib/action_view/renderer/template_renderer.rb:14:in `render'
  actionview (5.0.5) lib/action_view/renderer/renderer.rb:42:in `render_template'
  actionview (5.0.5) lib/action_view/renderer/renderer.rb:23:in `render'
  actionview (5.0.5) lib/action_view/rendering.rb:104:in `_render_template'
  actionpack (5.0.5) lib/action_controller/metal/streaming.rb:217:in `_render_template'
  actionview (5.0.5) lib/action_view/rendering.rb:83:in `render_to_body'
  actionpack (5.0.5) lib/action_controller/metal/rendering.rb:52:in `render_to_body'
  actionpack (5.0.5) lib/action_controller/metal/renderers.rb:142:in `render_to_body'
  actionpack (5.0.5) lib/abstract_controller/rendering.rb:26:in `render'
  actionpack (5.0.5) lib/action_controller/metal/rendering.rb:36:in `render'
  actionpack (5.0.5) lib/action_controller/metal/instrumentation.rb:44:in `block (2 levels) in render'
  activesupport (5.0.5) lib/active_support/core_ext/benchmark.rb:12:in `block in ms'
  /Users/nicholasevans/.rbenv/versions/2.3.1/lib/ruby/2.3.0/benchmark.rb:308:in `realtime'
  activesupport (5.0.5) lib/active_support/core_ext/benchmark.rb:12:in `ms'
  actionpack (5.0.5) lib/action_controller/metal/instrumentation.rb:44:in `block in render'
  actionpack (5.0.5) lib/action_controller/metal/instrumentation.rb:87:in `cleanup_view_runtime'
  activerecord (5.0.5) lib/active_record/railties/controller_runtime.rb:25:in `cleanup_view_runtime'
  actionpack (5.0.5) lib/action_controller/metal/instrumentation.rb:43:in `render'
  actionpack (5.0.5) lib/action_controller/metal/implicit_render.rb:36:in `default_render'
  actionpack (5.0.5) lib/action_controller/metal/basic_implicit_render.rb:4:in `block in send_action'
  actionpack (5.0.5) lib/action_controller/metal/basic_implicit_render.rb:4:in `send_action'
  actionpack (5.0.5) lib/abstract_controller/base.rb:188:in `process_action'
  actionpack (5.0.5) lib/action_controller/metal/rendering.rb:30:in `process_action'
  actionpack (5.0.5) lib/abstract_controller/callbacks.rb:20:in `block in process_action'
  activesupport (5.0.5) lib/active_support/callbacks.rb:126:in `call'
  activesupport (5.0.5) lib/active_support/callbacks.rb:506:in `block (2 levels) in compile'
  activesupport (5.0.5) lib/active_support/callbacks.rb:455:in `call'
  activesupport (5.0.5) lib/active_support/callbacks.rb:101:in `__run_callbacks__'
  activesupport (5.0.5) lib/active_support/callbacks.rb:750:in `_run_process_action_callbacks'
  activesupport (5.0.5) lib/active_support/callbacks.rb:90:in `run_callbacks'
  actionpack (5.0.5) lib/abstract_controller/callbacks.rb:19:in `process_action'
  actionpack (5.0.5) lib/action_controller/metal/rescue.rb:20:in `process_action'
  actionpack (5.0.5) lib/action_controller/metal/instrumentation.rb:32:in `block in process_action'
  activesupport (5.0.5) lib/active_support/notifications.rb:164:in `block in instrument'
  activesupport (5.0.5) lib/active_support/notifications/instrumenter.rb:21:in `instrument'
  activesupport (5.0.5) lib/active_support/notifications.rb:164:in `instrument'
  actionpack (5.0.5) lib/action_controller/metal/instrumentation.rb:30:in `process_action'
  actionpack (5.0.5) lib/action_controller/metal/params_wrapper.rb:248:in `process_action'
  activerecord (5.0.5) lib/active_record/railties/controller_runtime.rb:18:in `process_action'
  actionpack (5.0.5) lib/abstract_controller/base.rb:126:in `process'
  actionview (5.0.5) lib/action_view/rendering.rb:30:in `process'
  actionpack (5.0.5) lib/action_controller/metal.rb:190:in `dispatch'
  actionpack (5.0.5) lib/action_controller/metal.rb:262:in `dispatch'
  actionpack (5.0.5) lib/action_dispatch/routing/route_set.rb:50:in `dispatch'
  actionpack (5.0.5) lib/action_dispatch/routing/route_set.rb:32:in `serve'
  actionpack (5.0.5) lib/action_dispatch/journey/router.rb:39:in `block in serve'
  actionpack (5.0.5) lib/action_dispatch/journey/router.rb:26:in `serve'
  actionpack (5.0.5) lib/action_dispatch/routing/route_set.rb:727:in `call'
  rack (2.0.3) lib/rack/etag.rb:25:in `call'
  rack (2.0.3) lib/rack/conditional_get.rb:25:in `call'
  rack (2.0.3) lib/rack/head.rb:12:in `call'
  rack (2.0.3) lib/rack/session/abstract/id.rb:232:in `context'
  rack (2.0.3) lib/rack/session/abstract/id.rb:226:in `call'
  actionpack (5.0.5) lib/action_dispatch/middleware/cookies.rb:613:in `call'
  activerecord (5.0.5) lib/active_record/migration.rb:553:in `call'
  actionpack (5.0.5) lib/action_dispatch/middleware/callbacks.rb:38:in `block in call'
  activesupport (5.0.5) lib/active_support/callbacks.rb:97:in `__run_callbacks__'
  activesupport (5.0.5) lib/active_support/callbacks.rb:750:in `_run_call_callbacks'
  activesupport (5.0.5) lib/active_support/callbacks.rb:90:in `run_callbacks'
  actionpack (5.0.5) lib/action_dispatch/middleware/callbacks.rb:36:in `call'
  actionpack (5.0.5) lib/action_dispatch/middleware/executor.rb:12:in `call'
  actionpack (5.0.5) lib/action_dispatch/middleware/remote_ip.rb:79:in `call'
  better_errors (2.3.0) lib/better_errors/middleware.rb:84:in `protected_app_call'
  better_errors (2.3.0) lib/better_errors/middleware.rb:79:in `better_errors_call'
  better_errors (2.3.0) lib/better_errors/middleware.rb:57:in `call'
  actionpack (5.0.5) lib/action_dispatch/middleware/debug_exceptions.rb:49:in `call'
  web-console (3.5.1) lib/web_console/middleware.rb:135:in `call_app'
  web-console (3.5.1) lib/web_console/middleware.rb:28:in `block in call'
  web-console (3.5.1) lib/web_console/middleware.rb:18:in `call'
  actionpack (5.0.5) lib/action_dispatch/middleware/show_exceptions.rb:31:in `call'
  railties (5.0.5) lib/rails/rack/logger.rb:36:in `call_app'
  railties (5.0.5) lib/rails/rack/logger.rb:24:in `block in call'
  activesupport (5.0.5) lib/active_support/tagged_logging.rb:69:in `block in tagged'
  activesupport (5.0.5) lib/active_support/tagged_logging.rb:26:in `tagged'
  activesupport (5.0.5) lib/active_support/tagged_logging.rb:69:in `tagged'
  railties (5.0.5) lib/rails/rack/logger.rb:24:in `call'
  actionpack (5.0.5) lib/action_dispatch/middleware/request_id.rb:24:in `call'
  rack (2.0.3) lib/rack/method_override.rb:22:in `call'
  rack (2.0.3) lib/rack/runtime.rb:22:in `call'
  activesupport (5.0.5) lib/active_support/cache/strategy/local_cache_middleware.rb:28:in `call'
  actionpack (5.0.5) lib/action_dispatch/middleware/executor.rb:12:in `call'
  rack-livereload (0.3.16) lib/rack/livereload.rb:23:in `_call'
  rack-livereload (0.3.16) lib/rack/livereload.rb:14:in `call'
  actionpack (5.0.5) lib/action_dispatch/middleware/static.rb:136:in `call'
  rack (2.0.3) lib/rack/sendfile.rb:111:in `call'
  railties (5.0.5) lib/rails/engine.rb:522:in `call'
  puma (3.10.0) lib/puma/configuration.rb:225:in `call'
  puma (3.10.0) lib/puma/server.rb:605:in `handle_request'
  puma (3.10.0) lib/puma/server.rb:437:in `process_client'
  puma (3.10.0) lib/puma/server.rb:301:in `block in run'
  puma (3.10.0) lib/puma/thread_pool.rb:120:in `block in spawn_thread'

Started POST "/__better_errors/992ff7a17bd1337f/variables" for ::1 at 2017-08-23 13:38:17 -0700
Started GET "/" for ::1 at 2017-08-23 13:38:56 -0700
Processing by StaticPagesController#index as HTML
  Rendering static_pages/index.html.erb within layouts/application
  Rendered shared/_main_nav.html.erb (0.7ms)
  Rendered shared/_masthead.html.erb (0.3ms)
  Rendered shared/_sections_nav.html.erb (0.4ms)
  Rendered shared/_search_modal.html.erb (0.3ms)
  Rendered shared/_main_content.html.erb (0.3ms)
  Rendered static_pages/index.html.erb within layouts/application (10.1ms)
Completed 200 OK in 110ms (Views: 108.0ms | ActiveRecord: 0.0ms)


Started GET "/assets/application.self-1d8153c837992cd7e978b09510ecef6ec4f451f76e0c877076a154e8e6d186e1.css?body=1" for ::1 at 2017-08-23 13:38:56 -0700
Started GET "/" for ::1 at 2017-08-23 13:39:10 -0700
Processing by StaticPagesController#index as HTML
  Rendering static_pages/index.html.erb within layouts/application
  Rendered shared/_main_nav.html.erb (0.6ms)
  Rendered shared/_masthead.html.erb (0.7ms)
  Rendered shared/_sections_nav.html.erb (0.8ms)
  Rendered shared/_search_modal.html.erb (0.3ms)
  Rendered shared/_main_content.html.erb (0.5ms)
  Rendered static_pages/index.html.erb within layouts/application (12.2ms)
Completed 200 OK in 34ms (Views: 32.5ms | ActiveRecord: 0.0ms)


Started GET "/" for ::1 at 2017-08-23 13:47:48 -0700
Processing by StaticPagesController#index as HTML
  Rendering static_pages/index.html.erb within layouts/application
  Rendered shared/_main_nav.html.erb (0.5ms)
  Rendered shared/_masthead.html.erb (0.3ms)
  Rendered shared/_sections_nav.html.erb (0.5ms)
  Rendered shared/_search_modal.html.erb (0.2ms)
  Rendered shared/_main_content.html.erb (0.3ms)
  Rendered static_pages/index.html.erb within layouts/application (9.3ms)
Completed 200 OK in 28ms (Views: 26.2ms | ActiveRecord: 0.0ms)


Started GET "/" for ::1 at 2017-08-23 13:47:54 -0700
Processing by StaticPagesController#index as HTML
  Rendering static_pages/index.html.erb within layouts/application
  Rendered shared/_main_nav.html.erb (0.3ms)
  Rendered shared/_masthead.html.erb (0.2ms)
  Rendered shared/_sections_nav.html.erb (0.2ms)
  Rendered shared/_search_modal.html.erb (0.3ms)
  Rendered shared/_main_content.html.erb (0.2ms)
  Rendered static_pages/index.html.erb within layouts/application (9.2ms)
Completed 200 OK in 30ms (Views: 28.1ms | ActiveRecord: 0.0ms)


Started GET "/assets/application.self-1d8153c837992cd7e978b09510ecef6ec4f451f76e0c877076a154e8e6d186e1.css?body=1&livereload=1503521276796" for ::1 at 2017-08-23 13:47:56 -0700
Started GET "/assets/application.self-1d8153c837992cd7e978b09510ecef6ec4f451f76e0c877076a154e8e6d186e1.css?body=1&livereload=1503521276798" for ::1 at 2017-08-23 13:47:56 -0700
Started GET "/" for ::1 at 2017-08-23 13:54:25 -0700
Processing by StaticPagesController#index as HTML
  Rendering static_pages/index.html.erb within layouts/application
  Rendered shared/_main_nav.html.erb (0.4ms)
  Rendered shared/_masthead.html.erb (0.3ms)
  Rendered shared/_sections_nav.html.erb (0.2ms)
  Rendered shared/_search_modal.html.erb (0.4ms)
  Rendered shared/_main_content.html.erb (0.3ms)
  Rendered static_pages/index.html.erb within layouts/application (10.8ms)
Completed 200 OK in 38ms (Views: 36.8ms | ActiveRecord: 0.0ms)


Started GET "/assets/application.self-56926cebf36b0622f761628cdddcd50160541d1e93fce95f87e39ab5c2901e63.css?body=1&livereload=1503521669003" for ::1 at 2017-08-23 13:54:29 -0700
Started GET "/assets/application.self-56926cebf36b0622f761628cdddcd50160541d1e93fce95f87e39ab5c2901e63.css?body=1&livereload=1503521669005" for ::1 at 2017-08-23 13:54:29 -0700
Started GET "/" for ::1 at 2017-08-23 13:54:33 -0700
Processing by StaticPagesController#index as HTML
  Rendering static_pages/index.html.erb within layouts/application
  Rendered shared/_main_nav.html.erb (0.3ms)
  Rendered shared/_masthead.html.erb (0.3ms)
  Rendered shared/_sections_nav.html.erb (0.7ms)
  Rendered shared/_search_modal.html.erb (0.5ms)
  Rendered shared/_main_content.html.erb (0.2ms)
  Rendered static_pages/index.html.erb within layouts/application (11.3ms)
Completed 200 OK in 37ms (Views: 35.9ms | ActiveRecord: 0.0ms)


Started GET "/" for ::1 at 2017-08-23 13:54:52 -0700
Processing by StaticPagesController#index as HTML
  Rendering static_pages/index.html.erb within layouts/application
  Rendered shared/_main_nav.html.erb (0.3ms)
  Rendered shared/_masthead.html.erb (0.9ms)
  Rendered shared/_sections_nav.html.erb (0.3ms)
  Rendered shared/_search_modal.html.erb (0.2ms)
  Rendered shared/_main_content.html.erb (0.2ms)
  Rendered static_pages/index.html.erb within layouts/application (10.4ms)
Completed 200 OK in 30ms (Views: 28.2ms | ActiveRecord: 0.0ms)


Started GET "/" for ::1 at 2017-08-23 14:03:40 -0700
Processing by StaticPagesController#index as HTML
  Rendering static_pages/index.html.erb within layouts/application
  Rendered shared/_main_nav.html.erb (0.4ms)
  Rendered shared/_masthead.html.erb (0.3ms)
  Rendered shared/_sections_nav.html.erb (0.3ms)
  Rendered shared/_search_modal.html.erb (0.4ms)
  Rendered shared/_main_content.html.erb (0.2ms)
  Rendered static_pages/index.html.erb within layouts/application (9.7ms)
Completed 200 OK in 28ms (Views: 26.5ms | ActiveRecord: 0.0ms)


Started GET "/" for ::1 at 2017-08-23 14:32:57 -0700
Processing by StaticPagesController#index as HTML
  Rendering static_pages/index.html.erb within layouts/application
  Rendered shared/_main_nav.html.erb (0.3ms)
  Rendered shared/_masthead.html.erb (0.2ms)
  Rendered shared/_sections_nav.html.erb (0.2ms)
  Rendered shared/_search_modal.html.erb (0.2ms)
  Rendered shared/_main_content.html.erb (0.2ms)
  Rendered static_pages/index.html.erb within layouts/application (9.3ms)
Completed 200 OK in 30ms (Views: 27.8ms | ActiveRecord: 0.0ms)


Started GET "/" for ::1 at 2017-08-23 14:33:07 -0700
Processing by StaticPagesController#index as HTML
  Rendering static_pages/index.html.erb within layouts/application
  Rendered shared/_main_nav.html.erb (0.6ms)
  Rendered shared/_masthead.html.erb (0.5ms)
  Rendered shared/_sections_nav.html.erb (0.4ms)
  Rendered shared/_search_modal.html.erb (0.5ms)
  Rendered shared/_main_content.html.erb (0.5ms)
  Rendered static_pages/index.html.erb within layouts/application (10.3ms)
Completed 200 OK in 32ms (Views: 30.0ms | ActiveRecord: 0.0ms)


Started GET "/" for ::1 at 2017-08-23 14:33:09 -0700
Processing by StaticPagesController#index as HTML
  Rendering static_pages/index.html.erb within layouts/application
  Rendered shared/_main_nav.html.erb (0.3ms)
  Rendered shared/_masthead.html.erb (0.3ms)
  Rendered shared/_sections_nav.html.erb (0.4ms)
  Rendered shared/_search_modal.html.erb (0.3ms)
  Rendered shared/_main_content.html.erb (0.2ms)
  Rendered static_pages/index.html.erb within layouts/application (9.4ms)
Completed 200 OK in 27ms (Views: 24.7ms | ActiveRecord: 0.0ms)


Started GET "/assets/application.self-1d8153c837992cd7e978b09510ecef6ec4f451f76e0c877076a154e8e6d186e1.css?body=1&livereload=1503524514180" for ::1 at 2017-08-23 14:41:54 -0700
Started GET "/assets/application.self-1d8153c837992cd7e978b09510ecef6ec4f451f76e0c877076a154e8e6d186e1.css?body=1&livereload=1503524514182" for ::1 at 2017-08-23 14:41:54 -0700
Started GET "/assets/application.self-1d8153c837992cd7e978b09510ecef6ec4f451f76e0c877076a154e8e6d186e1.css?body=1&livereload=1503524518603" for ::1 at 2017-08-23 14:41:58 -0700
Started GET "/assets/application.self-1d8153c837992cd7e978b09510ecef6ec4f451f76e0c877076a154e8e6d186e1.css?body=1&livereload=1503524518604" for ::1 at 2017-08-23 14:41:58 -0700
Started GET "/" for ::1 at 2017-08-23 14:41:58 -0700
Processing by StaticPagesController#index as HTML
  Rendering static_pages/index.html.erb within layouts/application
  Rendered shared/_main_nav.html.erb (0.3ms)
  Rendered shared/_masthead.html.erb (0.5ms)
  Rendered shared/_sections_nav.html.erb (0.5ms)
  Rendered shared/_search_modal.html.erb (0.3ms)
  Rendered shared/_main_content.html.erb (0.3ms)
  Rendered static_pages/index.html.erb within layouts/application (30.2ms)
Completed 200 OK in 190ms (Views: 186.9ms | ActiveRecord: 0.0ms)


Started GET "/assets/application.self-b0ab6f16abd0d1aa19fa8ccbb62e2375fdea126a164b085c5625216d49f0bf47.css?body=1" for ::1 at 2017-08-23 14:41:58 -0700
Started GET "/" for ::1 at 2017-08-23 14:42:03 -0700
Processing by StaticPagesController#index as HTML
  Rendering static_pages/index.html.erb within layouts/application
  Rendered shared/_main_nav.html.erb (0.3ms)
  Rendered shared/_masthead.html.erb (0.4ms)
  Rendered shared/_sections_nav.html.erb (0.2ms)
  Rendered shared/_search_modal.html.erb (0.3ms)
  Rendered shared/_main_content.html.erb (0.3ms)
  Rendered static_pages/index.html.erb within layouts/application (9.9ms)
Completed 200 OK in 30ms (Views: 28.2ms | ActiveRecord: 0.0ms)


Started GET "/assets/application.self-b0ab6f16abd0d1aa19fa8ccbb62e2375fdea126a164b085c5625216d49f0bf47.css?body=1&livereload=1503524827846" for ::1 at 2017-08-23 14:47:07 -0700
Started GET "/assets/application.self-b0ab6f16abd0d1aa19fa8ccbb62e2375fdea126a164b085c5625216d49f0bf47.css?body=1&livereload=1503524827848" for ::1 at 2017-08-23 14:47:07 -0700
Started GET "/" for ::1 at 2017-08-23 14:47:11 -0700
Processing by StaticPagesController#index as HTML
  Rendering static_pages/index.html.erb within layouts/application
  Rendered shared/_main_nav.html.erb (0.4ms)
  Rendered shared/_masthead.html.erb (0.3ms)
  Rendered shared/_sections_nav.html.erb (0.3ms)
  Rendered shared/_search_modal.html.erb (0.4ms)
  Rendered shared/_main_content.html.erb (0.2ms)
  Rendered static_pages/index.html.erb within layouts/application (9.5ms)
Completed 200 OK in 31ms (Views: 29.8ms | ActiveRecord: 0.0ms)


Started GET "/assets/application.self-cba88d02010a21181cf7553bb8d376bb1227f9ed8710570fc10da735597e286d.css?body=1" for ::1 at 2017-08-23 14:47:11 -0700
Started GET "/" for ::1 at 2017-08-23 14:48:00 -0700
Processing by StaticPagesController#index as HTML
  Rendering static_pages/index.html.erb within layouts/application
  Rendered shared/_main_nav.html.erb (0.2ms)
  Rendered shared/_masthead.html.erb (0.2ms)
  Rendered shared/_sections_nav.html.erb (0.4ms)
  Rendered shared/_search_modal.html.erb (0.3ms)
  Rendered shared/_main_content.html.erb (0.2ms)
  Rendered static_pages/index.html.erb within layouts/application (9.4ms)
Completed 200 OK in 28ms (Views: 26.7ms | ActiveRecord: 0.0ms)


Started GET "/assets/application.self-cba88d02010a21181cf7553bb8d376bb1227f9ed8710570fc10da735597e286d.css?body=1&livereload=1503524882413" for ::1 at 2017-08-23 14:48:02 -0700
Started GET "/assets/application.self-cba88d02010a21181cf7553bb8d376bb1227f9ed8710570fc10da735597e286d.css?body=1&livereload=1503524882415" for ::1 at 2017-08-23 14:48:02 -0700
Started GET "/assets/application.self-cba88d02010a21181cf7553bb8d376bb1227f9ed8710570fc10da735597e286d.css?body=1&livereload=1503524889905" for ::1 at 2017-08-23 14:48:09 -0700
Started GET "/assets/application.self-cba88d02010a21181cf7553bb8d376bb1227f9ed8710570fc10da735597e286d.css?body=1&livereload=1503524889905&livereload=1503524889905" for ::1 at 2017-08-23 14:48:09 -0700
Started GET "/assets/application.self-cba88d02010a21181cf7553bb8d376bb1227f9ed8710570fc10da735597e286d.css?body=1&livereload=1503524903586&livereload=1503524889905" for ::1 at 2017-08-23 14:48:23 -0700
Started GET "/assets/application.self-cba88d02010a21181cf7553bb8d376bb1227f9ed8710570fc10da735597e286d.css?body=1&livereload=1503524903586&livereload=1503524889905&livereload=1503524903586" for ::1 at 2017-08-23 14:48:23 -0700
Started GET "/assets/application.self-cba88d02010a21181cf7553bb8d376bb1227f9ed8710570fc10da735597e286d.css?body=1&livereload=1503525184826&livereload=1503524889905&livereload=1503524903586" for ::1 at 2017-08-23 14:53:04 -0700
Started GET "/assets/application.self-cba88d02010a21181cf7553bb8d376bb1227f9ed8710570fc10da735597e286d.css?body=1&livereload=1503525184827&livereload=1503524889905&livereload=1503524903586" for ::1 at 2017-08-23 14:53:04 -0700
Started GET "/assets/application.self-cba88d02010a21181cf7553bb8d376bb1227f9ed8710570fc10da735597e286d.css?body=1&livereload=1503526025627&livereload=1503524889905&livereload=1503524903586" for ::1 at 2017-08-23 15:07:05 -0700
Started GET "/assets/application.self-cba88d02010a21181cf7553bb8d376bb1227f9ed8710570fc10da735597e286d.css?body=1&livereload=1503526025628&livereload=1503524889905&livereload=1503524903586" for ::1 at 2017-08-23 15:07:05 -0700
Started GET "/assets/application.self-cba88d02010a21181cf7553bb8d376bb1227f9ed8710570fc10da735597e286d.css?body=1&livereload=1503526267009" for ::1 at 2017-08-23 15:11:07 -0700
Started GET "/assets/application.self-cba88d02010a21181cf7553bb8d376bb1227f9ed8710570fc10da735597e286d.css?body=1&livereload=1503526267013" for ::1 at 2017-08-23 15:11:07 -0700
Started GET "/assets/application.self-cba88d02010a21181cf7553bb8d376bb1227f9ed8710570fc10da735597e286d.css?body=1&livereload=1503526289487" for ::1 at 2017-08-23 15:11:29 -0700
Started GET "/assets/application.self-cba88d02010a21181cf7553bb8d376bb1227f9ed8710570fc10da735597e286d.css?body=1&livereload=1503526289488" for ::1 at 2017-08-23 15:11:29 -0700
Started GET "/assets/application.self-cba88d02010a21181cf7553bb8d376bb1227f9ed8710570fc10da735597e286d.css?body=1&livereload=1503526524923" for ::1 at 2017-08-23 15:15:24 -0700
Started GET "/assets/application.self-cba88d02010a21181cf7553bb8d376bb1227f9ed8710570fc10da735597e286d.css?body=1&livereload=1503526524924" for ::1 at 2017-08-23 15:15:24 -0700
Started GET "/assets/application.self-cba88d02010a21181cf7553bb8d376bb1227f9ed8710570fc10da735597e286d.css?body=1&livereload=1503526645457" for ::1 at 2017-08-23 15:17:25 -0700
Started GET "/assets/application.self-cba88d02010a21181cf7553bb8d376bb1227f9ed8710570fc10da735597e286d.css?body=1&livereload=1503526645457&livereload=1503526645457" for ::1 at 2017-08-23 15:17:25 -0700
Started GET "/assets/application.self-cba88d02010a21181cf7553bb8d376bb1227f9ed8710570fc10da735597e286d.css?body=1&livereload=1503527199321&livereload=1503526645457" for ::1 at 2017-08-23 15:26:39 -0700
Started GET "/assets/application.self-cba88d02010a21181cf7553bb8d376bb1227f9ed8710570fc10da735597e286d.css?body=1&livereload=1503527199322&livereload=1503526645457" for ::1 at 2017-08-23 15:26:39 -0700
Started GET "/assets/application.self-cba88d02010a21181cf7553bb8d376bb1227f9ed8710570fc10da735597e286d.css?body=1&livereload=1503527501483&livereload=1503526645457" for ::1 at 2017-08-23 15:31:41 -0700
Started GET "/assets/application.self-cba88d02010a21181cf7553bb8d376bb1227f9ed8710570fc10da735597e286d.css?body=1&livereload=1503527501485&livereload=1503526645457" for ::1 at 2017-08-23 15:31:41 -0700
Started GET "/assets/application.self-cba88d02010a21181cf7553bb8d376bb1227f9ed8710570fc10da735597e286d.css?body=1&livereload=1503527550781&livereload=1503526645457" for ::1 at 2017-08-23 15:32:30 -0700
Started GET "/assets/application.self-cba88d02010a21181cf7553bb8d376bb1227f9ed8710570fc10da735597e286d.css?body=1&livereload=1503527550782&livereload=1503526645457" for ::1 at 2017-08-23 15:32:30 -0700
Started GET "/" for ::1 at 2017-08-23 15:32:33 -0700
Processing by StaticPagesController#index as HTML
  Rendering static_pages/index.html.erb within layouts/application
  Rendered shared/_main_nav.html.erb (0.2ms)
  Rendered shared/_masthead.html.erb (0.2ms)
  Rendered shared/_sections_nav.html.erb (0.2ms)
  Rendered shared/_search_modal.html.erb (0.3ms)
  Rendered shared/_main_content.html.erb (0.2ms)
  Rendered static_pages/index.html.erb within layouts/application (8.7ms)
Completed 200 OK in 30ms (Views: 28.2ms | ActiveRecord: 0.0ms)


Started GET "/assets/application.self-3376b1081d9e31ff90cf17fcbafc59d40a63b442b5ae0b066bacdcd1653c1e17.css?body=1" for ::1 at 2017-08-23 15:32:33 -0700
Started GET "/assets/application.self-3376b1081d9e31ff90cf17fcbafc59d40a63b442b5ae0b066bacdcd1653c1e17.css?body=1&livereload=1503527837131" for ::1 at 2017-08-23 15:37:17 -0700
Started GET "/assets/application.self-3376b1081d9e31ff90cf17fcbafc59d40a63b442b5ae0b066bacdcd1653c1e17.css?body=1&livereload=1503527837132" for ::1 at 2017-08-23 15:37:17 -0700
Started GET "/assets/application.self-3376b1081d9e31ff90cf17fcbafc59d40a63b442b5ae0b066bacdcd1653c1e17.css?body=1&livereload=1503527858177" for ::1 at 2017-08-23 15:37:38 -0700
Started GET "/assets/application.self-3376b1081d9e31ff90cf17fcbafc59d40a63b442b5ae0b066bacdcd1653c1e17.css?body=1&livereload=1503527858179" for ::1 at 2017-08-23 15:37:38 -0700
Started GET "/assets/application.self-3376b1081d9e31ff90cf17fcbafc59d40a63b442b5ae0b066bacdcd1653c1e17.css?body=1&livereload=1503527918316" for ::1 at 2017-08-23 15:38:38 -0700
Started GET "/assets/application.self-3376b1081d9e31ff90cf17fcbafc59d40a63b442b5ae0b066bacdcd1653c1e17.css?body=1&livereload=1503527918316&livereload=1503527918316" for ::1 at 2017-08-23 15:38:38 -0700
Started GET "/assets/application.self-3376b1081d9e31ff90cf17fcbafc59d40a63b442b5ae0b066bacdcd1653c1e17.css?body=1&livereload=1503527978393&livereload=1503527918316" for ::1 at 2017-08-23 15:39:38 -0700
Started GET "/assets/application.self-3376b1081d9e31ff90cf17fcbafc59d40a63b442b5ae0b066bacdcd1653c1e17.css?body=1&livereload=1503527978394&livereload=1503527918316" for ::1 at 2017-08-23 15:39:38 -0700
Started GET "/assets/application.self-3376b1081d9e31ff90cf17fcbafc59d40a63b442b5ae0b066bacdcd1653c1e17.css?body=1&livereload=1503528191720&livereload=1503527918316" for ::1 at 2017-08-23 15:43:11 -0700
Started GET "/assets/application.self-3376b1081d9e31ff90cf17fcbafc59d40a63b442b5ae0b066bacdcd1653c1e17.css?body=1&livereload=1503528191721&livereload=1503527918316" for ::1 at 2017-08-23 15:43:11 -0700
Started GET "/assets/application.self-3376b1081d9e31ff90cf17fcbafc59d40a63b442b5ae0b066bacdcd1653c1e17.css?body=1&livereload=1503528213559&livereload=1503527918316" for ::1 at 2017-08-23 15:43:33 -0700
Started GET "/assets/application.self-3376b1081d9e31ff90cf17fcbafc59d40a63b442b5ae0b066bacdcd1653c1e17.css?body=1&livereload=1503528213560&livereload=1503527918316" for ::1 at 2017-08-23 15:43:33 -0700
Started GET "/assets/application.self-3376b1081d9e31ff90cf17fcbafc59d40a63b442b5ae0b066bacdcd1653c1e17.css?body=1&livereload=1503528271428&livereload=1503527918316" for ::1 at 2017-08-23 15:44:31 -0700
Started GET "/assets/application.self-3376b1081d9e31ff90cf17fcbafc59d40a63b442b5ae0b066bacdcd1653c1e17.css?body=1&livereload=1503528271429&livereload=1503527918316" for ::1 at 2017-08-23 15:44:31 -0700
Started GET "/" for ::1 at 2017-08-23 15:44:37 -0700
Processing by StaticPagesController#index as HTML
  Rendering static_pages/index.html.erb within layouts/application
  Rendered shared/_main_nav.html.erb (0.3ms)
  Rendered shared/_masthead.html.erb (0.3ms)
  Rendered shared/_sections_nav.html.erb (0.5ms)
  Rendered shared/_search_modal.html.erb (0.3ms)
  Rendered shared/_main_content.html.erb (0.3ms)
  Rendered static_pages/index.html.erb within layouts/application (9.8ms)
Completed 200 OK in 36ms (Views: 32.7ms | ActiveRecord: 0.0ms)


Started GET "/assets/application.self-a5d731a9c1d81399381638cfb1497b9586abdc79c71e3c6aa9d69c5ecfbf5313.css?body=1" for ::1 at 2017-08-23 15:44:37 -0700
Started GET "/" for ::1 at 2017-08-23 15:46:11 -0700
Processing by StaticPagesController#index as HTML
  Rendering static_pages/index.html.erb within layouts/application
  Rendered shared/_main_nav.html.erb (0.3ms)
  Rendered shared/_masthead.html.erb (0.3ms)
  Rendered shared/_sections_nav.html.erb (0.2ms)
  Rendered shared/_search_modal.html.erb (0.2ms)
  Rendered shared/_main_content.html.erb (0.2ms)
  Rendered static_pages/index.html.erb within layouts/application (8.3ms)
Completed 200 OK in 25ms (Views: 22.9ms | ActiveRecord: 0.0ms)


Started GET "/" for ::1 at 2017-08-23 15:54:28 -0700
Processing by StaticPagesController#index as HTML
  Rendering static_pages/index.html.erb within layouts/application
  Rendered shared/_main_nav.html.erb (0.4ms)
  Rendered shared/_masthead.html.erb (0.2ms)
  Rendered shared/_sections_nav.html.erb (0.2ms)
  Rendered shared/_search_modal.html.erb (0.2ms)
  Rendered shared/_main_content.html.erb (0.3ms)
  Rendered static_pages/index.html.erb within layouts/application (9.3ms)
Completed 200 OK in 27ms (Views: 25.1ms | ActiveRecord: 0.0ms)


Started GET "/" for ::1 at 2017-08-23 15:54:53 -0700
Processing by StaticPagesController#index as HTML
  Rendering static_pages/index.html.erb within layouts/application
  Rendered shared/_main_nav.html.erb (1.0ms)
  Rendered shared/_masthead.html.erb (0.4ms)
  Rendered shared/_sections_nav.html.erb (0.3ms)
  Rendered shared/_search_modal.html.erb (0.2ms)
  Rendered shared/_main_content.html.erb (0.3ms)
  Rendered static_pages/index.html.erb within layouts/application (13.4ms)
Completed 200 OK in 37ms (Views: 35.1ms | ActiveRecord: 0.0ms)


Started GET "/assets/application.self-a5d731a9c1d81399381638cfb1497b9586abdc79c71e3c6aa9d69c5ecfbf5313.css?body=1&livereload=1503528949804" for ::1 at 2017-08-23 15:55:49 -0700
Started GET "/assets/application.self-a5d731a9c1d81399381638cfb1497b9586abdc79c71e3c6aa9d69c5ecfbf5313.css?body=1&livereload=1503528949807" for ::1 at 2017-08-23 15:55:49 -0700
Started GET "/assets/application.self-a5d731a9c1d81399381638cfb1497b9586abdc79c71e3c6aa9d69c5ecfbf5313.css?body=1&livereload=1503529272004" for ::1 at 2017-08-23 16:01:12 -0700
Started GET "/assets/application.self-a5d731a9c1d81399381638cfb1497b9586abdc79c71e3c6aa9d69c5ecfbf5313.css?body=1&livereload=1503529272005" for ::1 at 2017-08-23 16:01:12 -0700
Started GET "/assets/application.self-a5d731a9c1d81399381638cfb1497b9586abdc79c71e3c6aa9d69c5ecfbf5313.css?body=1&livereload=1503529391547" for ::1 at 2017-08-23 16:03:11 -0700
Started GET "/assets/application.self-a5d731a9c1d81399381638cfb1497b9586abdc79c71e3c6aa9d69c5ecfbf5313.css?body=1&livereload=1503529391549" for ::1 at 2017-08-23 16:03:11 -0700
Started GET "/assets/application.self-a5d731a9c1d81399381638cfb1497b9586abdc79c71e3c6aa9d69c5ecfbf5313.css?body=1&livereload=1503529403204" for ::1 at 2017-08-23 16:03:23 -0700
Started GET "/assets/application.self-a5d731a9c1d81399381638cfb1497b9586abdc79c71e3c6aa9d69c5ecfbf5313.css?body=1&livereload=1503529403205" for ::1 at 2017-08-23 16:03:23 -0700
Started GET "/" for ::1 at 2017-08-23 16:03:26 -0700
Processing by StaticPagesController#index as HTML
  Rendering static_pages/index.html.erb within layouts/application
  Rendered shared/_main_nav.html.erb (0.4ms)
  Rendered shared/_masthead.html.erb (0.3ms)
  Rendered shared/_sections_nav.html.erb (0.3ms)
  Rendered shared/_search_modal.html.erb (0.3ms)
  Rendered shared/_main_content.html.erb (0.4ms)
  Rendered static_pages/index.html.erb within layouts/application (11.9ms)
Completed 200 OK in 43ms (Views: 40.8ms | ActiveRecord: 0.0ms)


Started GET "/assets/application.self-35201ced016d7623b7afd06b1c73b7dda2acc6f46518b0e649f02e47c7eab1fd.css?body=1" for ::1 at 2017-08-23 16:03:26 -0700
Started GET "/assets/application.self-35201ced016d7623b7afd06b1c73b7dda2acc6f46518b0e649f02e47c7eab1fd.css?body=1&livereload=1503529427101" for ::1 at 2017-08-23 16:03:47 -0700
Started GET "/assets/application.self-35201ced016d7623b7afd06b1c73b7dda2acc6f46518b0e649f02e47c7eab1fd.css?body=1&livereload=1503529427104" for ::1 at 2017-08-23 16:03:47 -0700
Started GET "/" for ::1 at 2017-08-23 16:03:50 -0700
Processing by StaticPagesController#index as HTML
  Rendering static_pages/index.html.erb within layouts/application
  Rendered shared/_main_nav.html.erb (0.5ms)
  Rendered shared/_masthead.html.erb (0.6ms)
  Rendered shared/_sections_nav.html.erb (0.6ms)
  Rendered shared/_search_modal.html.erb (0.4ms)
  Rendered shared/_main_content.html.erb (0.4ms)
  Rendered static_pages/index.html.erb within layouts/application (13.1ms)
Completed 200 OK in 47ms (Views: 43.4ms | ActiveRecord: 0.0ms)


Started GET "/assets/application.self-9657d5a7cef34a3c6647adb6625ec6f230da4f528571afc38e783ec71906c8be.css?body=1" for ::1 at 2017-08-23 16:03:50 -0700
Started GET "/assets/application.self-9657d5a7cef34a3c6647adb6625ec6f230da4f528571afc38e783ec71906c8be.css?body=1&livereload=1503530448249" for ::1 at 2017-08-23 16:20:48 -0700
Started GET "/assets/application.self-9657d5a7cef34a3c6647adb6625ec6f230da4f528571afc38e783ec71906c8be.css?body=1&livereload=1503530448252" for ::1 at 2017-08-23 16:20:48 -0700
Started GET "/assets/application.self-9657d5a7cef34a3c6647adb6625ec6f230da4f528571afc38e783ec71906c8be.css?body=1&livereload=1503530933908" for ::1 at 2017-08-23 16:28:53 -0700
Started GET "/assets/application.self-9657d5a7cef34a3c6647adb6625ec6f230da4f528571afc38e783ec71906c8be.css?body=1&livereload=1503530933909" for ::1 at 2017-08-23 16:28:53 -0700
Started GET "/assets/application.self-9657d5a7cef34a3c6647adb6625ec6f230da4f528571afc38e783ec71906c8be.css?body=1&livereload=1503530936879" for ::1 at 2017-08-23 16:28:56 -0700
Started GET "/assets/application.self-9657d5a7cef34a3c6647adb6625ec6f230da4f528571afc38e783ec71906c8be.css?body=1&livereload=1503530936880" for ::1 at 2017-08-23 16:28:56 -0700
Started GET "/assets/application.self-9657d5a7cef34a3c6647adb6625ec6f230da4f528571afc38e783ec71906c8be.css?body=1&livereload=1503530936883" for ::1 at 2017-08-23 16:28:56 -0700
Started GET "/assets/application.self-9657d5a7cef34a3c6647adb6625ec6f230da4f528571afc38e783ec71906c8be.css?body=1&livereload=1503530936881" for ::1 at 2017-08-23 16:28:56 -0700
Started GET "/assets/application.self-9657d5a7cef34a3c6647adb6625ec6f230da4f528571afc38e783ec71906c8be.css?body=1&livereload=1503531114093" for ::1 at 2017-08-23 16:31:54 -0700
Started GET "/assets/application.self-9657d5a7cef34a3c6647adb6625ec6f230da4f528571afc38e783ec71906c8be.css?body=1&livereload=1503531114094" for ::1 at 2017-08-23 16:31:54 -0700
Started GET "/assets/application.self-9657d5a7cef34a3c6647adb6625ec6f230da4f528571afc38e783ec71906c8be.css?body=1&livereload=1503531643829" for ::1 at 2017-08-23 16:40:43 -0700
Started GET "/assets/application.self-9657d5a7cef34a3c6647adb6625ec6f230da4f528571afc38e783ec71906c8be.css?body=1&livereload=1503531643831" for ::1 at 2017-08-23 16:40:43 -0700
Started GET "/" for ::1 at 2017-08-23 17:23:00 -0700
Processing by StaticPagesController#index as HTML
  Rendering static_pages/index.html.erb within layouts/application
  Rendered shared/_main_nav.html.erb (1.1ms)
  Rendered shared/_masthead.html.erb (0.3ms)
  Rendered shared/_sections_nav.html.erb (0.5ms)
  Rendered shared/_search_modal.html.erb (0.5ms)
  Rendered shared/_main_content.html.erb (0.4ms)
  Rendered static_pages/index.html.erb within layouts/application (13.6ms)
Completed 200 OK in 51ms (Views: 48.4ms | ActiveRecord: 0.0ms)


Started GET "/assets/application.self-083af6bc344e1f186e4a14c00199b06d292224244364c56733f8820bc14f1a5b.css?body=1" for ::1 at 2017-08-23 17:23:00 -0700
Started GET "/" for ::1 at 2017-08-23 17:23:39 -0700
Processing by StaticPagesController#index as HTML
  Rendering static_pages/index.html.erb within layouts/application
  Rendered shared/_main_nav.html.erb (0.4ms)
  Rendered shared/_masthead.html.erb (0.4ms)
  Rendered shared/_sections_nav.html.erb (0.4ms)
  Rendered shared/_search_modal.html.erb (0.3ms)
  Rendered shared/_main_content.html.erb (0.3ms)
  Rendered static_pages/index.html.erb within layouts/application (9.5ms)
Completed 200 OK in 29ms (Views: 26.7ms | ActiveRecord: 0.0ms)


Started GET "/assets/application.self-083af6bc344e1f186e4a14c00199b06d292224244364c56733f8820bc14f1a5b.css?body=1&livereload=1503534902864" for ::1 at 2017-08-23 17:35:02 -0700
Started GET "/assets/application.self-083af6bc344e1f186e4a14c00199b06d292224244364c56733f8820bc14f1a5b.css?body=1&livereload=1503534902868" for ::1 at 2017-08-23 17:35:02 -0700
Started GET "/assets/application.self-083af6bc344e1f186e4a14c00199b06d292224244364c56733f8820bc14f1a5b.css?body=1&livereload=1503535217603" for ::1 at 2017-08-23 17:40:17 -0700
Started GET "/assets/application.self-083af6bc344e1f186e4a14c00199b06d292224244364c56733f8820bc14f1a5b.css?body=1&livereload=1503535217604" for ::1 at 2017-08-23 17:40:17 -0700
Started GET "/assets/application.self-083af6bc344e1f186e4a14c00199b06d292224244364c56733f8820bc14f1a5b.css?body=1&livereload=1503535226190" for ::1 at 2017-08-23 17:40:26 -0700
Started GET "/assets/application.self-083af6bc344e1f186e4a14c00199b06d292224244364c56733f8820bc14f1a5b.css?body=1&livereload=1503535226191" for ::1 at 2017-08-23 17:40:26 -0700
Started GET "/assets/application.self-083af6bc344e1f186e4a14c00199b06d292224244364c56733f8820bc14f1a5b.css?body=1&livereload=1503535267360" for ::1 at 2017-08-23 17:41:07 -0700
Started GET "/assets/application.self-083af6bc344e1f186e4a14c00199b06d292224244364c56733f8820bc14f1a5b.css?body=1&livereload=1503535267360&livereload=1503535267360" for ::1 at 2017-08-23 17:41:07 -0700
Started GET "/assets/application.self-083af6bc344e1f186e4a14c00199b06d292224244364c56733f8820bc14f1a5b.css?body=1&livereload=1503535338909&livereload=1503535267360" for ::1 at 2017-08-23 17:42:18 -0700
Started GET "/assets/application.self-083af6bc344e1f186e4a14c00199b06d292224244364c56733f8820bc14f1a5b.css?body=1&livereload=1503535338910&livereload=1503535267360" for ::1 at 2017-08-23 17:42:18 -0700
Started GET "/assets/application.self-083af6bc344e1f186e4a14c00199b06d292224244364c56733f8820bc14f1a5b.css?body=1&livereload=1503535347908&livereload=1503535267360" for ::1 at 2017-08-23 17:42:27 -0700
Started GET "/assets/application.self-083af6bc344e1f186e4a14c00199b06d292224244364c56733f8820bc14f1a5b.css?body=1&livereload=1503535347909&livereload=1503535267360" for ::1 at 2017-08-23 17:42:27 -0700
Started GET "/assets/application.self-083af6bc344e1f186e4a14c00199b06d292224244364c56733f8820bc14f1a5b.css?body=1&livereload=1503535365179&livereload=1503535267360" for ::1 at 2017-08-23 17:42:45 -0700
Started GET "/assets/application.self-083af6bc344e1f186e4a14c00199b06d292224244364c56733f8820bc14f1a5b.css?body=1&livereload=1503535365180&livereload=1503535267360" for ::1 at 2017-08-23 17:42:45 -0700
Started GET "/assets/application.self-083af6bc344e1f186e4a14c00199b06d292224244364c56733f8820bc14f1a5b.css?body=1&livereload=1503535373789&livereload=1503535267360" for ::1 at 2017-08-23 17:42:53 -0700
Started GET "/assets/application.self-083af6bc344e1f186e4a14c00199b06d292224244364c56733f8820bc14f1a5b.css?body=1&livereload=1503535373788&livereload=1503535267360" for ::1 at 2017-08-23 17:42:53 -0700
Started GET "/" for ::1 at 2017-08-23 17:43:01 -0700
Processing by StaticPagesController#index as HTML
  Rendering static_pages/index.html.erb within layouts/application
  Rendered shared/_main_nav.html.erb (0.3ms)
  Rendered shared/_masthead.html.erb (0.3ms)
  Rendered shared/_sections_nav.html.erb (0.4ms)
  Rendered shared/_search_modal.html.erb (0.6ms)
  Rendered shared/_main_content.html.erb (0.4ms)
  Rendered static_pages/index.html.erb within layouts/application (11.2ms)
Completed 200 OK in 35ms (Views: 32.7ms | ActiveRecord: 0.0ms)


Started GET "/assets/application.self-65e20aedd5e911db770faee8f4e9bc9692a4c2fc6a6ccde483f38f13e4465174.css?body=1" for ::1 at 2017-08-23 17:43:01 -0700
Started GET "/assets/application.self-65e20aedd5e911db770faee8f4e9bc9692a4c2fc6a6ccde483f38f13e4465174.css?body=1&livereload=1503535426544" for ::1 at 2017-08-23 17:43:46 -0700
Started GET "/assets/application.self-65e20aedd5e911db770faee8f4e9bc9692a4c2fc6a6ccde483f38f13e4465174.css?body=1&livereload=1503535426547" for ::1 at 2017-08-23 17:43:46 -0700
Started GET "/" for ::1 at 2017-08-23 17:43:48 -0700
Processing by StaticPagesController#index as HTML
  Rendering static_pages/index.html.erb within layouts/application
  Rendered shared/_main_nav.html.erb (0.4ms)
  Rendered shared/_masthead.html.erb (0.3ms)
  Rendered shared/_sections_nav.html.erb (0.3ms)
  Rendered shared/_search_modal.html.erb (0.3ms)
  Rendered shared/_main_content.html.erb (0.5ms)
  Rendered static_pages/index.html.erb within layouts/application (9.9ms)
Completed 200 OK in 34ms (Views: 31.9ms | ActiveRecord: 0.0ms)


Started GET "/assets/application.self-44cb033e0892f7642ef091bc7c42b2444537fbf08e40c3fb3445c67be021d2a2.css?body=1" for ::1 at 2017-08-23 17:43:48 -0700
Started GET "/assets/application.self-44cb033e0892f7642ef091bc7c42b2444537fbf08e40c3fb3445c67be021d2a2.css?body=1&livereload=1503535466236" for ::1 at 2017-08-23 17:44:26 -0700
Started GET "/assets/application.self-44cb033e0892f7642ef091bc7c42b2444537fbf08e40c3fb3445c67be021d2a2.css?body=1&livereload=1503535466239" for ::1 at 2017-08-23 17:44:26 -0700
Started GET "/assets/application.self-44cb033e0892f7642ef091bc7c42b2444537fbf08e40c3fb3445c67be021d2a2.css?body=1&livereload=1503535474765" for ::1 at 2017-08-23 17:44:34 -0700
Started GET "/assets/application.self-44cb033e0892f7642ef091bc7c42b2444537fbf08e40c3fb3445c67be021d2a2.css?body=1&livereload=1503535474766" for ::1 at 2017-08-23 17:44:34 -0700
Started GET "/" for ::1 at 2017-08-23 17:44:42 -0700
Processing by StaticPagesController#index as HTML
  Rendering static_pages/index.html.erb within layouts/application
  Rendered shared/_main_nav.html.erb (0.4ms)
  Rendered shared/_masthead.html.erb (0.3ms)
  Rendered shared/_sections_nav.html.erb (0.3ms)
  Rendered shared/_search_modal.html.erb (0.4ms)
  Rendered shared/_main_content.html.erb (0.3ms)
  Rendered static_pages/index.html.erb within layouts/application (9.6ms)
Completed 200 OK in 32ms (Views: 30.7ms | ActiveRecord: 0.0ms)


Started GET "/assets/application.self-e012c3837bfeaed0979550454a97b9b0d660e868f31cc959ffa7fb7ba916c3b4.css?body=1" for ::1 at 2017-08-23 17:44:42 -0700
Started GET "/assets/application.self-e012c3837bfeaed0979550454a97b9b0d660e868f31cc959ffa7fb7ba916c3b4.css?body=1&livereload=1503535492889" for ::1 at 2017-08-23 17:44:52 -0700
Started GET "/assets/application.self-e012c3837bfeaed0979550454a97b9b0d660e868f31cc959ffa7fb7ba916c3b4.css?body=1&livereload=1503535492891" for ::1 at 2017-08-23 17:44:52 -0700
Started GET "/assets/application.self-e012c3837bfeaed0979550454a97b9b0d660e868f31cc959ffa7fb7ba916c3b4.css?body=1&livereload=1503535496661" for ::1 at 2017-08-23 17:44:56 -0700
Started GET "/assets/application.self-e012c3837bfeaed0979550454a97b9b0d660e868f31cc959ffa7fb7ba916c3b4.css?body=1&livereload=1503535496662" for ::1 at 2017-08-23 17:44:56 -0700
Started GET "/assets/application.self-e012c3837bfeaed0979550454a97b9b0d660e868f31cc959ffa7fb7ba916c3b4.css?body=1&livereload=1503535498610" for ::1 at 2017-08-23 17:44:58 -0700
Started GET "/assets/application.self-e012c3837bfeaed0979550454a97b9b0d660e868f31cc959ffa7fb7ba916c3b4.css?body=1&livereload=1503535498610&livereload=1503535498610" for ::1 at 2017-08-23 17:44:58 -0700
Started GET "/assets/application.self-e012c3837bfeaed0979550454a97b9b0d660e868f31cc959ffa7fb7ba916c3b4.css?body=1&livereload=1503535503594&livereload=1503535498610" for ::1 at 2017-08-23 17:45:03 -0700
Started GET "/assets/application.self-e012c3837bfeaed0979550454a97b9b0d660e868f31cc959ffa7fb7ba916c3b4.css?body=1&livereload=1503535503595&livereload=1503535498610" for ::1 at 2017-08-23 17:45:03 -0700
Started GET "/assets/application.self-e012c3837bfeaed0979550454a97b9b0d660e868f31cc959ffa7fb7ba916c3b4.css?body=1&livereload=1503535528590&livereload=1503535498610" for ::1 at 2017-08-23 17:45:28 -0700
Started GET "/assets/application.self-e012c3837bfeaed0979550454a97b9b0d660e868f31cc959ffa7fb7ba916c3b4.css?body=1&livereload=1503535528591&livereload=1503535498610" for ::1 at 2017-08-23 17:45:28 -0700
Started GET "/assets/application.self-e012c3837bfeaed0979550454a97b9b0d660e868f31cc959ffa7fb7ba916c3b4.css?body=1&livereload=1503535531365&livereload=1503535498610" for ::1 at 2017-08-23 17:45:31 -0700
Started GET "/assets/application.self-e012c3837bfeaed0979550454a97b9b0d660e868f31cc959ffa7fb7ba916c3b4.css?body=1&livereload=1503535531366&livereload=1503535498610" for ::1 at 2017-08-23 17:45:31 -0700
Started GET "/assets/application.self-e012c3837bfeaed0979550454a97b9b0d660e868f31cc959ffa7fb7ba916c3b4.css?body=1&livereload=1503535538145&livereload=1503535498610" for ::1 at 2017-08-23 17:45:38 -0700
Started GET "/assets/application.self-e012c3837bfeaed0979550454a97b9b0d660e868f31cc959ffa7fb7ba916c3b4.css?body=1&livereload=1503535538146&livereload=1503535498610" for ::1 at 2017-08-23 17:45:38 -0700
Started GET "/assets/application.self-e012c3837bfeaed0979550454a97b9b0d660e868f31cc959ffa7fb7ba916c3b4.css?body=1&livereload=1503535561571&livereload=1503535498610" for ::1 at 2017-08-23 17:46:01 -0700
Started GET "/assets/application.self-e012c3837bfeaed0979550454a97b9b0d660e868f31cc959ffa7fb7ba916c3b4.css?body=1&livereload=1503535561572&livereload=1503535498610" for ::1 at 2017-08-23 17:46:01 -0700
Started GET "/assets/application.self-e012c3837bfeaed0979550454a97b9b0d660e868f31cc959ffa7fb7ba916c3b4.css?body=1&livereload=1503535582025&livereload=1503535498610" for ::1 at 2017-08-23 17:46:22 -0700
Started GET "/assets/application.self-e012c3837bfeaed0979550454a97b9b0d660e868f31cc959ffa7fb7ba916c3b4.css?body=1&livereload=1503535582026&livereload=1503535498610" for ::1 at 2017-08-23 17:46:22 -0700
Started GET "/assets/application.self-e012c3837bfeaed0979550454a97b9b0d660e868f31cc959ffa7fb7ba916c3b4.css?body=1&livereload=1503535623672&livereload=1503535498610" for ::1 at 2017-08-23 17:47:03 -0700
Started GET "/assets/application.self-e012c3837bfeaed0979550454a97b9b0d660e868f31cc959ffa7fb7ba916c3b4.css?body=1&livereload=1503535623675&livereload=1503535498610" for ::1 at 2017-08-23 17:47:03 -0700
Started GET "/assets/application.self-e012c3837bfeaed0979550454a97b9b0d660e868f31cc959ffa7fb7ba916c3b4.css?body=1&livereload=1503535635282&livereload=1503535498610" for ::1 at 2017-08-23 17:47:15 -0700
Started GET "/assets/application.self-e012c3837bfeaed0979550454a97b9b0d660e868f31cc959ffa7fb7ba916c3b4.css?body=1&livereload=1503535635283&livereload=1503535498610" for ::1 at 2017-08-23 17:47:15 -0700
Started GET "/assets/application.self-e012c3837bfeaed0979550454a97b9b0d660e868f31cc959ffa7fb7ba916c3b4.css?body=1&livereload=1503535674618&livereload=1503535498610" for ::1 at 2017-08-23 17:47:54 -0700
Started GET "/assets/application.self-e012c3837bfeaed0979550454a97b9b0d660e868f31cc959ffa7fb7ba916c3b4.css?body=1&livereload=1503535674619&livereload=1503535498610" for ::1 at 2017-08-23 17:47:54 -0700
Started GET "/assets/application.self-e012c3837bfeaed0979550454a97b9b0d660e868f31cc959ffa7fb7ba916c3b4.css?body=1&livereload=1503535685116&livereload=1503535498610" for ::1 at 2017-08-23 17:48:05 -0700
Started GET "/assets/application.self-e012c3837bfeaed0979550454a97b9b0d660e868f31cc959ffa7fb7ba916c3b4.css?body=1&livereload=1503535685117&livereload=1503535498610" for ::1 at 2017-08-23 17:48:05 -0700
Started GET "/assets/application.self-e012c3837bfeaed0979550454a97b9b0d660e868f31cc959ffa7fb7ba916c3b4.css?body=1&livereload=1503535704681&livereload=1503535498610" for ::1 at 2017-08-23 17:48:24 -0700
Started GET "/assets/application.self-e012c3837bfeaed0979550454a97b9b0d660e868f31cc959ffa7fb7ba916c3b4.css?body=1&livereload=1503535704682&livereload=1503535498610" for ::1 at 2017-08-23 17:48:24 -0700
Started GET "/assets/application.self-e012c3837bfeaed0979550454a97b9b0d660e868f31cc959ffa7fb7ba916c3b4.css?body=1&livereload=1503535748301&livereload=1503535498610" for ::1 at 2017-08-23 17:49:08 -0700
Started GET "/assets/application.self-e012c3837bfeaed0979550454a97b9b0d660e868f31cc959ffa7fb7ba916c3b4.css?body=1&livereload=1503535748302&livereload=1503535498610" for ::1 at 2017-08-23 17:49:08 -0700
Started GET "/assets/application.self-e012c3837bfeaed0979550454a97b9b0d660e868f31cc959ffa7fb7ba916c3b4.css?body=1&livereload=1503535766805&livereload=1503535498610" for ::1 at 2017-08-23 17:49:26 -0700
Started GET "/assets/application.self-e012c3837bfeaed0979550454a97b9b0d660e868f31cc959ffa7fb7ba916c3b4.css?body=1&livereload=1503535766806&livereload=1503535498610" for ::1 at 2017-08-23 17:49:26 -0700
Started GET "/assets/application.self-e012c3837bfeaed0979550454a97b9b0d660e868f31cc959ffa7fb7ba916c3b4.css?body=1&livereload=1503535780668&livereload=1503535498610" for ::1 at 2017-08-23 17:49:40 -0700
Started GET "/assets/application.self-e012c3837bfeaed0979550454a97b9b0d660e868f31cc959ffa7fb7ba916c3b4.css?body=1&livereload=1503535780669&livereload=1503535498610" for ::1 at 2017-08-23 17:49:40 -0700
Started GET "/assets/application.self-e012c3837bfeaed0979550454a97b9b0d660e868f31cc959ffa7fb7ba916c3b4.css?body=1&livereload=1503535807356&livereload=1503535498610" for ::1 at 2017-08-23 17:50:07 -0700
Started GET "/assets/application.self-e012c3837bfeaed0979550454a97b9b0d660e868f31cc959ffa7fb7ba916c3b4.css?body=1&livereload=1503535807357&livereload=1503535498610" for ::1 at 2017-08-23 17:50:07 -0700
Started GET "/assets/application.self-e012c3837bfeaed0979550454a97b9b0d660e868f31cc959ffa7fb7ba916c3b4.css?body=1&livereload=1503535888699&livereload=1503535498610" for ::1 at 2017-08-23 17:51:28 -0700
Started GET "/assets/application.self-e012c3837bfeaed0979550454a97b9b0d660e868f31cc959ffa7fb7ba916c3b4.css?body=1&livereload=1503535888700&livereload=1503535498610" for ::1 at 2017-08-23 17:51:28 -0700
Started GET "/assets/application.self-e012c3837bfeaed0979550454a97b9b0d660e868f31cc959ffa7fb7ba916c3b4.css?body=1&livereload=1503535950726&livereload=1503535498610" for ::1 at 2017-08-23 17:52:30 -0700
Started GET "/assets/application.self-e012c3837bfeaed0979550454a97b9b0d660e868f31cc959ffa7fb7ba916c3b4.css?body=1&livereload=1503535950727&livereload=1503535498610" for ::1 at 2017-08-23 17:52:30 -0700
Started GET "/assets/application.self-e012c3837bfeaed0979550454a97b9b0d660e868f31cc959ffa7fb7ba916c3b4.css?body=1&livereload=1503536121424&livereload=1503535498610" for ::1 at 2017-08-23 17:55:21 -0700
Started GET "/assets/application.self-e012c3837bfeaed0979550454a97b9b0d660e868f31cc959ffa7fb7ba916c3b4.css?body=1&livereload=1503536121425&livereload=1503535498610" for ::1 at 2017-08-23 17:55:21 -0700
Started GET "/assets/application.self-e012c3837bfeaed0979550454a97b9b0d660e868f31cc959ffa7fb7ba916c3b4.css?body=1&livereload=1503536180624&livereload=1503535498610" for ::1 at 2017-08-23 17:56:20 -0700
Started GET "/assets/application.self-e012c3837bfeaed0979550454a97b9b0d660e868f31cc959ffa7fb7ba916c3b4.css?body=1&livereload=1503536180625&livereload=1503535498610" for ::1 at 2017-08-23 17:56:20 -0700
Started GET "/assets/application.self-e012c3837bfeaed0979550454a97b9b0d660e868f31cc959ffa7fb7ba916c3b4.css?body=1&livereload=1503536202978&livereload=1503535498610" for ::1 at 2017-08-23 17:56:42 -0700
Started GET "/assets/application.self-e012c3837bfeaed0979550454a97b9b0d660e868f31cc959ffa7fb7ba916c3b4.css?body=1&livereload=1503536202979&livereload=1503535498610" for ::1 at 2017-08-23 17:56:42 -0700
Started GET "/" for ::1 at 2017-08-23 18:09:45 -0700
Processing by StaticPagesController#index as HTML
  Rendering static_pages/index.html.erb within layouts/application
  Rendered shared/_main_nav.html.erb (0.3ms)
  Rendered shared/_masthead.html.erb (0.2ms)
  Rendered shared/_sections_nav.html.erb (0.2ms)
  Rendered shared/_search_modal.html.erb (0.2ms)
  Rendered shared/_main_content.html.erb (0.2ms)
  Rendered static_pages/index.html.erb within layouts/application (8.1ms)
Completed 200 OK in 34ms (Views: 32.8ms | ActiveRecord: 0.0ms)


Started GET "/assets/application.self-d16ba1f4c94315c9a890e55436c1ce5ddce1db65129506abec98ce714b8280ff.css?body=1" for ::1 at 2017-08-23 18:09:45 -0700
Started GET "/" for ::1 at 2017-08-23 18:12:16 -0700
Processing by StaticPagesController#index as HTML
  Rendering static_pages/index.html.erb within layouts/application
  Rendered shared/_main_nav.html.erb (0.4ms)
  Rendered shared/_masthead.html.erb (0.3ms)
  Rendered shared/_sections_nav.html.erb (0.2ms)
  Rendered shared/_search_modal.html.erb (0.2ms)
  Rendered shared/_main_content.html.erb (0.4ms)
  Rendered static_pages/index.html.erb within layouts/application (10.3ms)
Completed 200 OK in 28ms (Views: 26.5ms | ActiveRecord: 0.0ms)


Started GET "/assets/AA_Times_Logo" for ::1 at 2017-08-23 18:12:16 -0700
Started GET "/" for ::1 at 2017-08-23 18:23:43 -0700
Processing by StaticPagesController#index as HTML
  Rendering static_pages/index.html.erb within layouts/application
  Rendered shared/_main_nav.html.erb (0.3ms)
  Rendered shared/_masthead.html.erb (0.9ms)
  Rendered shared/_sections_nav.html.erb (0.4ms)
  Rendered shared/_search_modal.html.erb (0.3ms)
  Rendered shared/_main_content.html.erb (0.3ms)
  Rendered static_pages/index.html.erb within layouts/application (13.5ms)
Completed 200 OK in 53ms (Views: 48.4ms | ActiveRecord: 0.0ms)


Started GET "/assets/AA_Times_Logo" for ::1 at 2017-08-23 18:23:43 -0700
Started GET "/" for ::1 at 2017-08-23 18:24:41 -0700
Processing by StaticPagesController#index as HTML
  Rendering static_pages/index.html.erb within layouts/application
  Rendered shared/_main_nav.html.erb (0.3ms)
  Rendered shared/_masthead.html.erb (0.3ms)
  Rendered shared/_sections_nav.html.erb (0.4ms)
  Rendered shared/_search_modal.html.erb (0.5ms)
  Rendered shared/_main_content.html.erb (0.5ms)
  Rendered static_pages/index.html.erb within layouts/application (13.3ms)
Completed 200 OK in 38ms (Views: 36.4ms | ActiveRecord: 0.0ms)


Started GET "/assets/AA_Times_Logo" for ::1 at 2017-08-23 18:24:41 -0700
Started GET "/" for ::1 at 2017-08-23 18:27:02 -0700
Processing by StaticPagesController#index as HTML
  Rendering static_pages/index.html.erb within layouts/application
  Rendered shared/_main_nav.html.erb (0.3ms)
  Rendered shared/_masthead.html.erb (0.3ms)
  Rendered shared/_sections_nav.html.erb (0.5ms)
  Rendered shared/_search_modal.html.erb (0.4ms)
  Rendered shared/_main_content.html.erb (0.2ms)
  Rendered static_pages/index.html.erb within layouts/application (9.9ms)
Completed 200 OK in 27ms (Views: 25.2ms | ActiveRecord: 0.0ms)


Started GET "/assets/AA_Times_Logo" for ::1 at 2017-08-23 18:27:02 -0700
Started GET "/" for ::1 at 2017-08-23 18:30:17 -0700
Processing by StaticPagesController#index as HTML
  Rendering static_pages/index.html.erb within layouts/application
  Rendered shared/_main_nav.html.erb (1.1ms)
  Rendered shared/_masthead.html.erb (0.3ms)
  Rendered shared/_sections_nav.html.erb (0.2ms)
  Rendered shared/_search_modal.html.erb (0.3ms)
  Rendered shared/_main_content.html.erb (0.3ms)
  Rendered static_pages/index.html.erb within layouts/application (11.7ms)
Completed 200 OK in 31ms (Views: 29.5ms | ActiveRecord: 0.0ms)


Started GET "/assets/AA_Times_Logo" for ::1 at 2017-08-23 18:30:17 -0700
Started GET "/" for ::1 at 2017-08-23 18:34:28 -0700
Processing by StaticPagesController#index as HTML
  Rendering static_pages/index.html.erb within layouts/application
  Rendered shared/_main_nav.html.erb (0.4ms)
  Rendered shared/_masthead.html.erb (0.5ms)
  Rendered shared/_sections_nav.html.erb (0.4ms)
  Rendered shared/_search_modal.html.erb (0.3ms)
  Rendered shared/_main_content.html.erb (0.4ms)
  Rendered static_pages/index.html.erb within layouts/application (11.4ms)
Completed 200 OK in 31ms (Views: 29.1ms | ActiveRecord: 0.0ms)


Started GET "/assets/AA_Times_Logo" for ::1 at 2017-08-23 18:34:28 -0700
Started GET "/" for ::1 at 2017-08-23 18:35:45 -0700
Processing by StaticPagesController#index as HTML
  Rendering static_pages/index.html.erb within layouts/application
  Rendered shared/_main_nav.html.erb (0.4ms)
  Rendered shared/_masthead.html.erb (0.3ms)
  Rendered shared/_sections_nav.html.erb (0.3ms)
  Rendered shared/_search_modal.html.erb (0.3ms)
  Rendered shared/_main_content.html.erb (0.3ms)
  Rendered static_pages/index.html.erb within layouts/application (9.7ms)
Completed 200 OK in 29ms (Views: 27.1ms | ActiveRecord: 0.0ms)


Started GET "/assets/AA_Times_Logo" for ::1 at 2017-08-23 18:35:45 -0700
Started GET "/" for ::1 at 2017-08-23 18:43:13 -0700
Processing by StaticPagesController#index as HTML
  Rendering static_pages/index.html.erb within layouts/application
  Rendered shared/_main_nav.html.erb (0.4ms)
  Rendered shared/_masthead.html.erb (0.8ms)
  Rendered shared/_sections_nav.html.erb (0.4ms)
  Rendered shared/_search_modal.html.erb (0.4ms)
  Rendered shared/_main_content.html.erb (0.3ms)
  Rendered static_pages/index.html.erb within layouts/application (10.3ms)
Completed 200 OK in 28ms (Views: 27.1ms | ActiveRecord: 0.0ms)


Started GET "/assets/AA_Times_Logo" for ::1 at 2017-08-23 18:43:13 -0700
Started GET "/" for ::1 at 2017-08-23 18:45:10 -0700
Processing by StaticPagesController#index as HTML
  Rendering static_pages/index.html.erb within layouts/application
  Rendered shared/_main_nav.html.erb (1.3ms)
  Rendered shared/_masthead.html.erb (0.6ms)
  Rendered shared/_sections_nav.html.erb (0.5ms)
  Rendered shared/_search_modal.html.erb (0.3ms)
  Rendered shared/_main_content.html.erb (0.4ms)
  Rendered static_pages/index.html.erb within layouts/application (13.3ms)
Completed 200 OK in 36ms (Views: 34.3ms | ActiveRecord: 0.0ms)


Started GET "/assets/AA_Times_Logo" for ::1 at 2017-08-23 18:45:10 -0700
Started GET "/" for ::1 at 2017-08-24 07:44:37 -0700
DEPRECATION WARNING: ActiveRecord::Base.raise_in_transactional_callbacks= is deprecated, has no effect and will be removed without replacement. (called from block (3 levels) in <class:Railtie> at /Users/nicholasevans/.rbenv/versions/2.3.1/lib/ruby/gems/2.3.0/gems/activerecord-5.0.5/lib/active_record/railtie.rb:113)
Processing by StaticPagesController#index as HTML
  Rendering static_pages/index.html.erb within layouts/application
  Rendered shared/_main_nav.html.erb (0.3ms)
  Rendered shared/_masthead.html.erb (0.3ms)
  Rendered shared/_sections_nav.html.erb (0.3ms)
  Rendered shared/_search_modal.html.erb (0.2ms)
  Rendered shared/_main_content.html.erb (0.2ms)
  Rendered static_pages/index.html.erb within layouts/application (11.8ms)
Completed 200 OK in 269ms (Views: 266.8ms | ActiveRecord: 0.0ms)


Started GET "/assets/AA_Times_Logo" for ::1 at 2017-08-24 07:44:37 -0700
Started GET "/" for ::1 at 2017-08-24 07:48:04 -0700
Processing by StaticPagesController#index as HTML
  Rendering static_pages/index.html.erb within layouts/application
  Rendered shared/_main_nav.html.erb (0.3ms)
  Rendered shared/_masthead.html.erb (0.2ms)
  Rendered shared/_sections_nav.html.erb (0.3ms)
  Rendered shared/_search_modal.html.erb (0.2ms)
  Rendered shared/_main_content.html.erb (0.2ms)
  Rendered static_pages/index.html.erb within layouts/application (7.5ms)
Completed 200 OK in 118ms (Views: 116.7ms | ActiveRecord: 0.0ms)


Started GET "/assets/application.self-e086db84c696150ad52ad48ab1c7259b2465a4b50609c2561225b5949178e3c4.css?body=1" for ::1 at 2017-08-24 07:48:04 -0700
Started GET "/assets/AA_Times_Logo" for ::1 at 2017-08-24 07:48:04 -0700
Started GET "/assets/application.self-e086db84c696150ad52ad48ab1c7259b2465a4b50609c2561225b5949178e3c4.css?body=1&livereload=1503586158904" for ::1 at 2017-08-24 07:49:18 -0700
Started GET "/assets/application.self-e086db84c696150ad52ad48ab1c7259b2465a4b50609c2561225b5949178e3c4.css?body=1&livereload=1503586158906" for ::1 at 2017-08-24 07:49:18 -0700
Started GET "/assets/application.self-e086db84c696150ad52ad48ab1c7259b2465a4b50609c2561225b5949178e3c4.css?body=1&livereload=1503586170544" for ::1 at 2017-08-24 07:49:30 -0700
Started GET "/assets/application.self-e086db84c696150ad52ad48ab1c7259b2465a4b50609c2561225b5949178e3c4.css?body=1&livereload=1503586170543" for ::1 at 2017-08-24 07:49:30 -0700
Started GET "/assets/application.self-e086db84c696150ad52ad48ab1c7259b2465a4b50609c2561225b5949178e3c4.css?body=1&livereload=1503586186699" for ::1 at 2017-08-24 07:49:46 -0700
Started GET "/assets/application.self-e086db84c696150ad52ad48ab1c7259b2465a4b50609c2561225b5949178e3c4.css?body=1&livereload=1503586186699&livereload=1503586186699" for ::1 at 2017-08-24 07:49:46 -0700
Started GET "/assets/application.self-e086db84c696150ad52ad48ab1c7259b2465a4b50609c2561225b5949178e3c4.css?body=1&livereload=1503586231554&livereload=1503586186699" for ::1 at 2017-08-24 07:50:31 -0700
Started GET "/assets/application.self-e086db84c696150ad52ad48ab1c7259b2465a4b50609c2561225b5949178e3c4.css?body=1&livereload=1503586231555&livereload=1503586186699" for ::1 at 2017-08-24 07:50:31 -0700
Started GET "/assets/application.self-e086db84c696150ad52ad48ab1c7259b2465a4b50609c2561225b5949178e3c4.css?body=1&livereload=1503586360871&livereload=1503586186699" for ::1 at 2017-08-24 07:52:40 -0700
Started GET "/assets/application.self-e086db84c696150ad52ad48ab1c7259b2465a4b50609c2561225b5949178e3c4.css?body=1&livereload=1503586360872&livereload=1503586186699" for ::1 at 2017-08-24 07:52:40 -0700
Started GET "/" for ::1 at 2017-08-24 07:52:50 -0700
Processing by StaticPagesController#index as HTML
  Rendering static_pages/index.html.erb within layouts/application
  Rendered shared/_main_nav.html.erb (0.3ms)
  Rendered shared/_masthead.html.erb (0.3ms)
  Rendered shared/_sections_nav.html.erb (0.3ms)
  Rendered shared/_search_modal.html.erb (0.2ms)
  Rendered shared/_main_content.html.erb (0.2ms)
  Rendered static_pages/index.html.erb within layouts/application (8.9ms)
Completed 200 OK in 31ms (Views: 29.5ms | ActiveRecord: 0.0ms)


Started GET "/assets/application.self-d6cc7793aed740cc4de38f35d4ff1543bfaaf81e1e1511ba42984bc2022ec27f.css?body=1" for ::1 at 2017-08-24 07:52:50 -0700
Started GET "/assets/AA_Times_Logo" for ::1 at 2017-08-24 07:52:50 -0700
Started GET "/assets/application.self-d6cc7793aed740cc4de38f35d4ff1543bfaaf81e1e1511ba42984bc2022ec27f.css?body=1&livereload=1503586387423" for ::1 at 2017-08-24 07:53:07 -0700
Started GET "/assets/application.self-d6cc7793aed740cc4de38f35d4ff1543bfaaf81e1e1511ba42984bc2022ec27f.css?body=1&livereload=1503586387425" for ::1 at 2017-08-24 07:53:07 -0700
Started GET "/assets/application.self-d6cc7793aed740cc4de38f35d4ff1543bfaaf81e1e1511ba42984bc2022ec27f.css?body=1&livereload=1503586448955" for ::1 at 2017-08-24 07:54:08 -0700
Started GET "/assets/application.self-d6cc7793aed740cc4de38f35d4ff1543bfaaf81e1e1511ba42984bc2022ec27f.css?body=1&livereload=1503586448955&livereload=1503586448955" for ::1 at 2017-08-24 07:54:08 -0700
Started GET "/" for ::1 at 2017-08-24 08:02:13 -0700
Processing by StaticPagesController#index as HTML
  Rendering static_pages/index.html.erb within layouts/application
  Rendered shared/_main_nav.html.erb (0.5ms)
  Rendered shared/_masthead.html.erb (0.6ms)
  Rendered shared/_sections_nav.html.erb (0.5ms)
  Rendered shared/_search_modal.html.erb (0.4ms)
  Rendered shared/_main_content.html.erb (0.4ms)
  Rendered static_pages/index.html.erb within layouts/application (14.5ms)
Completed 200 OK in 40ms (Views: 38.0ms | ActiveRecord: 0.0ms)


Started GET "/assets/application.self-113ff29305f099e79c8b5cebeb3180909dbc46f47e5450d1a0793ba0bb9e8c02.css?body=1" for ::1 at 2017-08-24 08:02:13 -0700
Started GET "/assets/AA_Times_Logo" for ::1 at 2017-08-24 08:02:13 -0700
Started GET "/" for ::1 at 2017-08-24 08:02:47 -0700
Processing by StaticPagesController#index as HTML
  Rendering static_pages/index.html.erb within layouts/application
  Rendered shared/_main_nav.html.erb (0.3ms)
  Rendered shared/_masthead.html.erb (0.4ms)
  Rendered shared/_sections_nav.html.erb (0.5ms)
  Rendered shared/_search_modal.html.erb (0.4ms)
  Rendered shared/_main_content.html.erb (0.4ms)
  Rendered static_pages/index.html.erb within layouts/application (12.1ms)
Completed 200 OK in 32ms (Views: 30.5ms | ActiveRecord: 0.0ms)


Started GET "/assets/AA_Times_Logo" for ::1 at 2017-08-24 08:02:47 -0700
Started GET "/assets/application.self-113ff29305f099e79c8b5cebeb3180909dbc46f47e5450d1a0793ba0bb9e8c02.css?body=1&livereload=1503587032549" for ::1 at 2017-08-24 08:03:52 -0700
Started GET "/assets/application.self-113ff29305f099e79c8b5cebeb3180909dbc46f47e5450d1a0793ba0bb9e8c02.css?body=1&livereload=1503587032551" for ::1 at 2017-08-24 08:03:52 -0700
Started GET "/assets/application.self-113ff29305f099e79c8b5cebeb3180909dbc46f47e5450d1a0793ba0bb9e8c02.css?body=1&livereload=1503587062729" for ::1 at 2017-08-24 08:04:22 -0700
Started GET "/assets/application.self-113ff29305f099e79c8b5cebeb3180909dbc46f47e5450d1a0793ba0bb9e8c02.css?body=1&livereload=1503587062730" for ::1 at 2017-08-24 08:04:22 -0700
Started GET "/assets/application.self-113ff29305f099e79c8b5cebeb3180909dbc46f47e5450d1a0793ba0bb9e8c02.css?body=1&livereload=1503587113178" for ::1 at 2017-08-24 08:05:13 -0700
Started GET "/assets/application.self-113ff29305f099e79c8b5cebeb3180909dbc46f47e5450d1a0793ba0bb9e8c02.css?body=1&livereload=1503587113178&livereload=1503587113178" for ::1 at 2017-08-24 08:05:13 -0700
Started GET "/assets/application.self-113ff29305f099e79c8b5cebeb3180909dbc46f47e5450d1a0793ba0bb9e8c02.css?body=1&livereload=1503587137697&livereload=1503587113178" for ::1 at 2017-08-24 08:05:37 -0700
Started GET "/assets/application.self-113ff29305f099e79c8b5cebeb3180909dbc46f47e5450d1a0793ba0bb9e8c02.css?body=1&livereload=1503587137698&livereload=1503587113178" for ::1 at 2017-08-24 08:05:37 -0700
Started GET "/assets/application.self-113ff29305f099e79c8b5cebeb3180909dbc46f47e5450d1a0793ba0bb9e8c02.css?body=1&livereload=1503587166714&livereload=1503587113178" for ::1 at 2017-08-24 08:06:06 -0700
Started GET "/assets/application.self-113ff29305f099e79c8b5cebeb3180909dbc46f47e5450d1a0793ba0bb9e8c02.css?body=1&livereload=1503587166714&livereload=1503587113178&livereload=1503587166714" for ::1 at 2017-08-24 08:06:06 -0700
Started GET "/assets/application.self-113ff29305f099e79c8b5cebeb3180909dbc46f47e5450d1a0793ba0bb9e8c02.css?body=1&livereload=1503587369983&livereload=1503587113178&livereload=1503587166714" for ::1 at 2017-08-24 08:09:29 -0700
Started GET "/assets/application.self-113ff29305f099e79c8b5cebeb3180909dbc46f47e5450d1a0793ba0bb9e8c02.css?body=1&livereload=1503587369984&livereload=1503587113178&livereload=1503587166714" for ::1 at 2017-08-24 08:09:29 -0700
Started GET "/assets/application.self-113ff29305f099e79c8b5cebeb3180909dbc46f47e5450d1a0793ba0bb9e8c02.css?body=1&livereload=1503587385909&livereload=1503587113178&livereload=1503587166714" for ::1 at 2017-08-24 08:09:45 -0700
Started GET "/assets/application.self-113ff29305f099e79c8b5cebeb3180909dbc46f47e5450d1a0793ba0bb9e8c02.css?body=1&livereload=1503587385909&livereload=1503587113178&livereload=1503587166714&livereload=1503587385909" for ::1 at 2017-08-24 08:09:45 -0700
Started GET "/" for ::1 at 2017-08-24 08:09:50 -0700
Processing by StaticPagesController#index as HTML
  Rendering static_pages/index.html.erb within layouts/application
  Rendered shared/_main_nav.html.erb (0.3ms)
  Rendered shared/_masthead.html.erb (0.3ms)
  Rendered shared/_sections_nav.html.erb (0.5ms)
  Rendered shared/_search_modal.html.erb (0.4ms)
  Rendered shared/_main_content.html.erb (0.4ms)
  Rendered static_pages/index.html.erb within layouts/application (9.7ms)
Completed 200 OK in 35ms (Views: 33.3ms | ActiveRecord: 0.0ms)


Started GET "/assets/application.self-4354ace2d37a57735908625d1d42ce782d40d6d004f626d8c5cc79c23bb48840.css?body=1" for ::1 at 2017-08-24 08:09:50 -0700
Started GET "/assets/AA_Times_Logo" for ::1 at 2017-08-24 08:09:50 -0700
Started GET "/" for ::1 at 2017-08-24 08:10:22 -0700
Processing by StaticPagesController#index as HTML
  Rendering static_pages/index.html.erb within layouts/application
  Rendered shared/_main_nav.html.erb (0.4ms)
  Rendered shared/_masthead.html.erb (0.5ms)
  Rendered shared/_sections_nav.html.erb (0.4ms)
  Rendered shared/_search_modal.html.erb (0.4ms)
  Rendered shared/_main_content.html.erb (0.3ms)
  Rendered static_pages/index.html.erb within layouts/application (12.8ms)
Completed 200 OK in 36ms (Views: 34.3ms | ActiveRecord: 0.0ms)


Started GET "/assets/AA_Times_Logo" for ::1 at 2017-08-24 08:10:22 -0700
